c:\users\heo and park\source\repos\godorigui\godorigui\debug\godorigui.pch
c:\users\heo and park\source\repos\godorigui\godorigui\debug\vc141.pdb
c:\users\heo and park\source\repos\godorigui\godorigui\debug\vc141.idb
c:\users\heo and park\source\repos\godorigui\godorigui\debug\stdafx.obj
c:\users\heo and park\source\repos\godorigui\godorigui\debug\threadframework.obj
c:\users\heo and park\source\repos\godorigui\godorigui\debug\storyboard.obj
c:\users\heo and park\source\repos\godorigui\godorigui\debug\selectcardmenu.obj
c:\users\heo and park\source\repos\godorigui\godorigui\debug\selectbar.obj
c:\users\heo and park\source\repos\godorigui\godorigui\debug\player.obj
c:\users\heo and park\source\repos\godorigui\godorigui\debug\mainfrm.obj
c:\users\heo and park\source\repos\godorigui\godorigui\debug\groundselect.obj
c:\users\heo and park\source\repos\godorigui\godorigui\debug\godoriguiview.obj
c:\users\heo and park\source\repos\godorigui\godorigui\debug\godoriguidoc.obj
c:\users\heo and park\source\repos\godorigui\godorigui\debug\godorigui.obj
c:\users\heo and park\source\repos\godorigui\godorigui\debug\diler.obj
c:\users\heo and park\source\repos\godorigui\godorigui\debug\cardporket.obj
c:\users\heo and park\source\repos\godorigui\godorigui\debug\card.obj
c:\users\heo and park\source\repos\godorigui\debug\godorigui.exe
c:\users\heo and park\source\repos\godorigui\debug\godorigui.ilk
c:\windows\pcdrm\dump\20190409_nfd01.log
c:\users\heo and park\source\repos\godorigui\debug\godorigui.pdb
c:\windows\pcdrm\dump\20190407_nfd01.log
c:\users\heo and park\source\repos\godorigui\godorigui\debug\godorigui.res
c:\users\heo and park\source\repos\godorigui\godorigui\debug\player.obj.enc
c:\users\heo and park\source\repos\godorigui\godorigui\debug\godorigui.tlog\cl.command.1.tlog
c:\users\heo and park\source\repos\godorigui\godorigui\debug\godorigui.tlog\cl.read.1.tlog
c:\users\heo and park\source\repos\godorigui\godorigui\debug\godorigui.tlog\cl.write.1.tlog
c:\users\heo and park\source\repos\godorigui\godorigui\debug\godorigui.tlog\link.command.1.tlog
c:\users\heo and park\source\repos\godorigui\godorigui\debug\godorigui.tlog\link.read.1.tlog
c:\users\heo and park\source\repos\godorigui\godorigui\debug\godorigui.tlog\link.write.1.tlog
c:\users\heo and park\source\repos\godorigui\godorigui\debug\godorigui.tlog\rc.command.1.tlog
c:\users\heo and park\source\repos\godorigui\godorigui\debug\godorigui.tlog\rc.read.1.tlog
c:\users\heo and park\source\repos\godorigui\godorigui\debug\godorigui.tlog\rc.write.1.tlog
